<?xml version="1.0" encoding="UTF-8"?>
<!-- Generated by org.testng.reporters.JUnitReportReporter -->
<testsuite skipped="3" hostname="HP-PC" name="TestLeaf.CreateLead" tests="10" failures="0" timestamp="2021-03-21T14:26:51 IST" time="182.395" errors="1">
  <testcase name="runCreateLead" time="30.306" classname="TestLeaf.CreateLead"/>
  <testcase name="runCreateLead" time="0.000" classname="TestLeaf.CreateLead">
    <skipped/>
  </testcase> <!-- runCreateLead -->
  <testcase name="runCreateLead" time="63.342" classname="TestLeaf.CreateLead"/>
  <testcase name="runCreateLead" time="0.000" classname="TestLeaf.CreateLead">
    <skipped/>
  </testcase> <!-- runCreateLead -->
  <testcase name="runCreateLead" time="0.000" classname="TestLeaf.CreateLead">
    <skipped/>
  </testcase> <!-- runCreateLead -->
  <testcase name="runCreateLead" time="28.632" classname="TestLeaf.CreateLead"/>
  <testcase name="runCreateLead" time="19.825" classname="TestLeaf.CreateLead"/>
  <testcase name="runCreateLead" time="18.588" classname="TestLeaf.CreateLead"/>
  <testcase name="runCreateLead" time="17.079" classname="TestLeaf.CreateLead"/>
  <testcase name="preConditions" time="4.623" classname="TestLeaf.CreateLead">
    <error type="org.openqa.selenium.WebDriverException" message="unknown error: cannot find MSEdge binary
Build info: version: &#039;4.0.0-alpha-6&#039;, revision: &#039;5f43a29cfc&#039;
System info: host: &#039;HP-PC&#039;, ip: &#039;192.168.42.246&#039;, os.name: &#039;Windows 7&#039;, os.arch: &#039;x86&#039;, os.version: &#039;6.1&#039;, java.version: &#039;1.8.0&#039;
Driver info: driver.version: EdgeDriver
remote stacktrace: Backtrace:
	Ordinal0 [0x00E553B3+3560371]
	Ordinal0 [0x00B74C2C+543788]
	Ordinal0 [0x00B8D341+643905]
	Ordinal0 [0x00B8AF4F+634703]
	Ordinal0 [0x00BB392C+801068]
	Ordinal0 [0x00BB230E+795406]
	Ordinal0 [0x00BAF95B+784731]
	Ordinal0 [0x00B9341F+668703]
	Ordinal0 [0x00B9411A+672026]
	Ordinal0 [0x00B940B7+671927]
	Ordinal0 [0x00D5E48C+2548876]
	GetHandleVerifier [0x00F6E77F+1042991]
	GetHandleVerifier [0x00F7C2E4+1099156]
	GetHandleVerifier [0x00F6F15B+1045515]
	Ordinal0 [0x00D562CF+2515663]
	Ordinal0 [0x00D5FF18+2555672]
	Ordinal0 [0x00D600AB+2556075]
	Ordinal0 [0x00D71B0A+2628362]
	BaseThreadInitThunk [0x7732EFAC+18]
	RtlInitializeExceptionChain [0x777C3618+239]
	RtlInitializeExceptionChain [0x777C35EB+194]
">
      <![CDATA[org.openqa.selenium.WebDriverException: unknown error: cannot find MSEdge binary
Build info: version: '4.0.0-alpha-6', revision: '5f43a29cfc'
System info: host: 'HP-PC', ip: '192.168.42.246', os.name: 'Windows 7', os.arch: 'x86', os.version: '6.1', java.version: '1.8.0'
Driver info: driver.version: EdgeDriver
remote stacktrace: Backtrace:
Ordinal0 [0x00E553B3+3560371]
Ordinal0 [0x00B74C2C+543788]
Ordinal0 [0x00B8D341+643905]
Ordinal0 [0x00B8AF4F+634703]
Ordinal0 [0x00BB392C+801068]
Ordinal0 [0x00BB230E+795406]
Ordinal0 [0x00BAF95B+784731]
Ordinal0 [0x00B9341F+668703]
Ordinal0 [0x00B9411A+672026]
Ordinal0 [0x00B940B7+671927]
Ordinal0 [0x00D5E48C+2548876]
GetHandleVerifier [0x00F6E77F+1042991]
GetHandleVerifier [0x00F7C2E4+1099156]
GetHandleVerifier [0x00F6F15B+1045515]
Ordinal0 [0x00D562CF+2515663]
Ordinal0 [0x00D5FF18+2555672]
Ordinal0 [0x00D600AB+2556075]
Ordinal0 [0x00D71B0A+2628362]
BaseThreadInitThunk [0x7732EFAC+18]
RtlInitializeExceptionChain [0x777C3618+239]
RtlInitializeExceptionChain [0x777C35EB+194]

at sun.reflect.NativeConstructorAccessorImpl.newInstance0(Native Method)
at sun.reflect.NativeConstructorAccessorImpl.newInstance(NativeConstructorAccessorImpl.java:62)
at sun.reflect.DelegatingConstructorAccessorImpl.newInstance(DelegatingConstructorAccessorImpl.java:45)
at java.lang.reflect.Constructor.newInstance(Constructor.java:408)
at org.openqa.selenium.remote.W3CHandshakeResponse.lambda$errorHandler$0(W3CHandshakeResponse.java:62)
at org.openqa.selenium.remote.W3CHandshakeResponse$$Lambda$276/3652314.apply(Unknown Source)
at org.openqa.selenium.remote.HandshakeResponse.lambda$getResponseFunction$0(HandshakeResponse.java:30)
at org.openqa.selenium.remote.HandshakeResponse$$Lambda$273/1721888.apply(Unknown Source)
at org.openqa.selenium.remote.ProtocolHandshake.lambda$createSession$1(ProtocolHandshake.java:126)
at org.openqa.selenium.remote.ProtocolHandshake$$Lambda$274/4401254.apply(Unknown Source)
at java.util.stream.ReferencePipeline$3$1.accept(ReferencePipeline.java:193)
at java.util.Spliterators$ArraySpliterator.tryAdvance(Spliterators.java:958)
at java.util.stream.ReferencePipeline.forEachWithCancel(ReferencePipeline.java:126)
at java.util.stream.AbstractPipeline.copyIntoWithCancel(AbstractPipeline.java:529)
at java.util.stream.AbstractPipeline.copyInto(AbstractPipeline.java:516)
at java.util.stream.AbstractPipeline.wrapAndCopyInto(AbstractPipeline.java:502)
at java.util.stream.FindOps$FindOp.evaluateSequential(FindOps.java:152)
at java.util.stream.AbstractPipeline.evaluate(AbstractPipeline.java:234)
at java.util.stream.ReferencePipeline.findFirst(ReferencePipeline.java:464)
at org.openqa.selenium.remote.ProtocolHandshake.createSession(ProtocolHandshake.java:128)
at org.openqa.selenium.remote.ProtocolHandshake.createSession(ProtocolHandshake.java:75)
at org.openqa.selenium.remote.HttpCommandExecutor.execute(HttpCommandExecutor.java:138)
at org.openqa.selenium.remote.service.DriverCommandExecutor.execute(DriverCommandExecutor.java:83)
at org.openqa.selenium.remote.RemoteWebDriver.execute(RemoteWebDriver.java:582)
at org.openqa.selenium.remote.RemoteWebDriver.startSession(RemoteWebDriver.java:216)
at org.openqa.selenium.remote.RemoteWebDriver.<init>(RemoteWebDriver.java:136)
at org.openqa.selenium.chromium.ChromiumDriver.<init>(ChromiumDriver.java:75)
at org.openqa.selenium.edge.EdgeDriver.<init>(EdgeDriver.java:111)
at org.openqa.selenium.edge.EdgeDriver.<init>(EdgeDriver.java:103)
at org.openqa.selenium.edge.EdgeDriver.<init>(EdgeDriver.java:100)
at testng.day1.BaseTest.preConditions(BaseTest.java:41)
at sun.reflect.NativeMethodAccessorImpl.invoke0(Native Method)
at sun.reflect.NativeMethodAccessorImpl.invoke(NativeMethodAccessorImpl.java:62)
at sun.reflect.DelegatingMethodAccessorImpl.invoke(DelegatingMethodAccessorImpl.java:43)
at java.lang.reflect.Method.invoke(Method.java:483)
at org.testng.internal.MethodInvocationHelper.invokeMethod(MethodInvocationHelper.java:133)
at org.testng.internal.MethodInvocationHelper.invokeMethodConsideringTimeout(MethodInvocationHelper.java:62)
at org.testng.internal.ConfigInvoker.invokeConfigurationMethod(ConfigInvoker.java:340)
at org.testng.internal.ConfigInvoker.invokeConfigurations(ConfigInvoker.java:294)
at org.testng.internal.TestInvoker.runConfigMethods(TestInvoker.java:683)
at org.testng.internal.TestInvoker.invokeMethod(TestInvoker.java:510)
at org.testng.internal.TestInvoker.invokeTestMethod(TestInvoker.java:172)
at org.testng.internal.MethodRunner.runInSequence(MethodRunner.java:46)
at org.testng.internal.TestInvoker$MethodInvocationAgent.invoke(TestInvoker.java:804)
at org.testng.internal.TestInvoker.invokeTestMethods(TestInvoker.java:145)
at org.testng.internal.TestMethodWorker.invokeTestMethods(TestMethodWorker.java:146)
at org.testng.internal.TestMethodWorker.run(TestMethodWorker.java:128)
at org.testng.TestRunner$$Lambda$45/11655067.accept(Unknown Source)
at java.util.ArrayList.forEach(ArrayList.java:1234)
at org.testng.TestRunner.privateRun(TestRunner.java:770)
at org.testng.TestRunner.run(TestRunner.java:591)
at org.testng.SuiteRunner.runTest(SuiteRunner.java:402)
at org.testng.SuiteRunner.runSequentially(SuiteRunner.java:396)
at org.testng.SuiteRunner.privateRun(SuiteRunner.java:355)
at org.testng.SuiteRunner.run(SuiteRunner.java:304)
at org.testng.SuiteRunnerWorker.runSuite(SuiteRunnerWorker.java:53)
at org.testng.SuiteRunnerWorker.run(SuiteRunnerWorker.java:96)
at org.testng.TestNG.runSuitesSequentially(TestNG.java:1180)
at org.testng.TestNG.runSuitesLocally(TestNG.java:1102)
at org.testng.TestNG.runSuites(TestNG.java:1032)
at org.testng.TestNG.run(TestNG.java:1000)
at org.testng.remote.AbstractRemoteTestNG.run(AbstractRemoteTestNG.java:115)
at org.testng.remote.RemoteTestNG.initAndRun(RemoteTestNG.java:251)
at org.testng.remote.RemoteTestNG.main(RemoteTestNG.java:77)
]]>
    </error>
  </testcase> <!-- preConditions -->
</testsuite> <!-- TestLeaf.CreateLead -->
