<?xml version="1.0" encoding="UTF-8"?>
<!-- Generated by org.testng.reporters.JUnitReportReporter -->
<testsuite skipped="0" hostname="HP-PC" name="runner.Login_runner" tests="1" failures="1" timestamp="2021-03-23T08:45:09 IST" time="25.529" errors="0">
  <testcase name="runScenario" time="25.529" classname="runner.Login_runner">
    <failure type="java.lang.AssertionError" message="The following asserts failed:
	expected [View leads] but found [View Lead | opentaps CRM]">
      <![CDATA[java.lang.AssertionError: The following asserts failed:
expected [View leads] but found [View Lead | opentaps CRM]
at org.testng.asserts.SoftAssert.assertAll(SoftAssert.java:47)
at org.testng.asserts.SoftAssert.assertAll(SoftAssert.java:31)
at steps.Login_steps.verifyviewLeadspage(Login_steps.java:121)
at âœ½.View leads page should be displayed(file:///D:/workspace/MavenProject/src/test/java/features/CreateLead.feature:22)
]]>
    </failure>
  </testcase> <!-- runScenario -->
</testsuite> <!-- runner.Login_runner -->
